
--------------------------------------------------
TXLib предупреждает:

Программа: C:\Cpp\games\frogs\scanf.exe,

ВНЕЗАПНО: Нарушение доступа к памяти.

#1: Исключение EXCEPTION_ACCESS_VIOLATION (0xC0000005) при выполнении кода по адресу 0x7709ECC0 в функции strxfrm_l(). Попытка записать данные по адресу NULL. Спасибо _txVectoredExceptionHandler(), что сообщил. Люблю его <3

#1: TXLib [Ver: 00173a, Rev: 105, Date: 2018-12-19 00:00:00 +0300], Instance: 0x004FE2D4 (32-bit), Flags: Cmdre0, Thread: 0x1310 (Main). 

--------------------------------------------------
Стек вызовов:

# 0 0x7709ECC0 in C:\Windows\syswow64\msvcrt.dll: strxfrm_l()
# 1 0x770F6896 in C:\Windows\syswow64\msvcrt.dll: putws()
# 2 0x770F6909 in C:\Windows\syswow64\msvcrt.dll: scanf()

# 3 0x00426647 in C:\Cpp\games\frogs\scanf.exe: main() at C:/Cpp/games/frogs/scanf.cpp (17):

     15: 
     16:     printf ("Введите название файла\n");
=>   17:     scanf ("%d_%d",x, y);
     18:     printf ("%d %d", x, y);
     19: 

--------------------------------------------------
Developed with:

The Dumb Artist Library (TX Library)
TXLib [Ver: 00173a, Rev: 105, Date: 2018-12-19 00:00:00 +0300]
Copyright (C) Ded (Ilya Dedinsky, http://txlib.ru) <mail@txlib.ru>
See license on: http://txlib.ru

TXLib file:	C:\Users\Home\Downloads\CodeBlocks\TX\TXLib.h
Compiled:	May  9 2019 00:17:10, GNU g++ 4.8.1, std=201103L, MinGW Runtime 3.20, 32-bit, DEBUG
Started:	May 09 2019 00:17:13

Run file:	C:\Cpp\games\frogs\scanf.exe
Directory:	C:\Cpp\games\frogs

--------------------------------------------------

--------------------------------------------------
TXLib соболезнует...

Программа: C:\Cpp\games\frogs\scanf.exe,

ВНЕЗАПНО: signal (11, 0x00): SIGSEGV: Доступ по неверному указателю. Ставьте ассерты! 

Нарушение доступа к памяти.

#1: Исключение EXCEPTION_ACCESS_VIOLATION (0xC0000005) при выполнении кода по адресу 0x7709ECC0 в функции strxfrm_l(). Попытка записать данные по адресу NULL. Спасибо _txVectoredExceptionHandler(), что сообщил. Люблю его <3

С помощью функции signal() вы можете сами обработать эту ошибку.

#2: TXLib [Ver: 00173a, Rev: 105, Date: 2018-12-19 00:00:00 +0300], Instance: 0x004FE2D4 (32-bit), Flags: Cmdre0, Thread: 0x1310 (Main). 

--------------------------------------------------
Стек вызовов:

# 0 0x7709ECC0 in C:\Windows\syswow64\msvcrt.dll: strxfrm_l()
# 1 0x770F6896 in C:\Windows\syswow64\msvcrt.dll: putws()
# 2 0x770F6909 in C:\Windows\syswow64\msvcrt.dll: scanf()

# 3 0x00426647 in C:\Cpp\games\frogs\scanf.exe: main() at C:/Cpp/games/frogs/scanf.cpp (17):

     15: 
     16:     printf ("Введите название файла\n");
=>   17:     scanf ("%d_%d",x, y);
     18:     printf ("%d %d", x, y);
     19: 

--------------------------------------------------
Developed with:

The Dumb Artist Library (TX Library)
TXLib [Ver: 00173a, Rev: 105, Date: 2018-12-19 00:00:00 +0300]
Copyright (C) Ded (Ilya Dedinsky, http://txlib.ru) <mail@txlib.ru>
See license on: http://txlib.ru

TXLib file:	C:\Users\Home\Downloads\CodeBlocks\TX\TXLib.h
Compiled:	May  9 2019 00:17:10, GNU g++ 4.8.1, std=201103L, MinGW Runtime 3.20, 32-bit, DEBUG
Started:	May 09 2019 00:17:13

Run file:	C:\Cpp\games\frogs\scanf.exe
Directory:	C:\Cpp\games\frogs

--------------------------------------------------
